<?xml version="1.0" encoding="UTF-8"?>
<!-- Generated by org.testng.reporters.JUnitXMLReporter -->
<testsuite hostname="LathaReddy" ignored="0" name=" Sanity Tests" tests="6" failures="0" timestamp="25 Jan 2019 05:25:45 GMT" time="0.212" errors="0">
  <testcase name="addVendor" time="0.011" classname="testNGTests.NewTest2"/>
  <testcase name="deleteVendor" time="0.004" classname="testNGTests.NewTest3"/>
  <testcase name="addProduct" time="0.003" classname="testNGTests.NewTest2"/>
  <testcase name="deleteProduct" time="0.004" classname="testNGTests.NewTest3"/>
  <testcase name="addCurrency" time="0.002" classname="testNGTests.NewTest2"/>
  <testcase name="deleteCurrency" time="0.017" classname="testNGTests.NewTest3"/>
</testsuite> <!--  Sanity Tests -->
